<?xml version="1.0" encoding="UTF-8"?>
<testsuite name="com.encore.bbabap.domain.board.BoardTest" tests="4" skipped="0" failures="0" errors="0" timestamp="2024-03-26T08:39:20" hostname="LAPTOP-843E2Q55" time="0.032">
  <properties/>
  <testcase name="게시물 삭제 테스트" classname="com.encore.bbabap.domain.board.BoardTest" time="0.024"/>
  <testcase name="게시물 수정 테스트" classname="com.encore.bbabap.domain.board.BoardTest" time="0.002"/>
  <testcase name="게시물 생성 테스트" classname="com.encore.bbabap.domain.board.BoardTest" time="0.002"/>
  <testcase name="게시물 조회 테스트" classname="com.encore.bbabap.domain.board.BoardTest" time="0.001"/>
  <system-out><![CDATA[]]></system-out>
  <system-err><![CDATA[]]></system-err>
</testsuite>
